[0m22:36:43.014439 [debug] [MainThread]: Sending event: {'category': 'dbt', 'action': 'invocation', 'label': 'start', 'context': [<snowplow_tracker.self_describing_json.SelfDescribingJson object at 0x787b532a11f0>, <snowplow_tracker.self_describing_json.SelfDescribingJson object at 0x787b536024b0>, <snowplow_tracker.self_describing_json.SelfDescribingJson object at 0x787b532a2c60>]}


============================== 22:36:43.022579 | 82fd7dba-1d98-415f-92d7-fb33c4385842 ==============================
[0m22:36:43.022579 [info ] [MainThread]: Running with dbt=1.11.8
[0m22:36:43.024028 [debug] [MainThread]: running dbt with arguments {'partial_parse': 'True', 'profiles_dir': '/home/codespace/.dbt', 'warn_error_options': 'WarnErrorOptionsV2(error=[], warn=[], silence=[])', 'cache_selected_only': 'False', 'fail_fast': 'False', 'log_format': 'default', 'version_check': 'True', 'quiet': 'False', 'invocation_command': 'dbt init taxi_ride_ny', 'warn_error': 'None', 'static_parser': 'True', 'indirect_selection': 'eager', 'introspect': 'True', 'empty': 'None', 'use_experimental_parser': 'False', 'use_colors': 'True', 'debug': 'False', 'write_json': 'True', 'no_print': 'None', 'log_path': 'logs', 'log_cache_events': 'False', 'target_path': 'None', 'send_anonymous_usage_stats': 'True', 'printer_width': '80'}
[0m22:36:43.040805 [info ] [MainThread]: Creating dbt configuration folder at /home/codespace/.dbt
[0m22:36:43.043213 [debug] [MainThread]: Starter project path: /usr/local/python/3.12.1/lib/python3.12/site-packages/dbt/include/starter_project
[0m22:36:43.050849 [info ] [MainThread]: 
Your new dbt project "taxi_ride_ny" was created!

For more information on how to configure the profiles.yml file,
please consult the dbt documentation here:

  https://docs.getdbt.com/docs/configure-your-profile

One more thing:

Need help? Don't hesitate to reach out to us via GitHub issues or on Slack:

  https://community.getdbt.com/

Happy modeling!

[0m22:36:43.052979 [info ] [MainThread]: Setting up your profile.
[0m22:37:04.892735 [info ] [MainThread]: Profile taxi_ride_ny written to /home/codespace/.dbt/profiles.yml using target's sample configuration. Once updated, you'll be able to start developing with dbt.
[0m22:37:04.894386 [debug] [MainThread]: Resource report: {"command_name": "init", "command_success": true, "command_wall_clock_time": 21.96932, "process_in_blocks": "232", "process_kernel_time": 0.229989, "process_mem_max_rss": "155452", "process_out_blocks": "72", "process_user_time": 2.927415}
[0m22:37:04.895068 [debug] [MainThread]: Command `dbt init` succeeded at 22:37:04.894947 after 21.97 seconds
[0m22:37:04.895560 [debug] [MainThread]: Sending event: {'category': 'dbt', 'action': 'invocation', 'label': 'end', 'context': [<snowplow_tracker.self_describing_json.SelfDescribingJson object at 0x787b529f9b20>, <snowplow_tracker.self_describing_json.SelfDescribingJson object at 0x787b53481070>, <snowplow_tracker.self_describing_json.SelfDescribingJson object at 0x787b52963bc0>]}
[0m22:37:04.896135 [debug] [MainThread]: Flushing usage events
[0m22:37:05.845891 [debug] [MainThread]: An error was encountered while trying to flush usage events
