[0m09:41:03.636463 [debug] [MainThread]: Sending event: {'category': 'dbt', 'action': 'invocation', 'label': 'start', 'context': [<snowplow_tracker.self_describing_json.SelfDescribingJson object at 0x6ffe31acbda0>, <snowplow_tracker.self_describing_json.SelfDescribingJson object at 0x6ffe31b4dbe0>, <snowplow_tracker.self_describing_json.SelfDescribingJson object at 0x6ffe31874bc0>]}


============================== 09:41:03.653591 | df3e09e6-8d28-4345-8888-4ab320e9aac3 ==============================
[0m09:41:03.653591 [info ] [MainThread]: Running with dbt=1.11.8
[0m09:41:03.656599 [debug] [MainThread]: running dbt with arguments {'quiet': 'False', 'log_format': 'default', 'profiles_dir': '/home/codespace/.dbt', 'indirect_selection': 'eager', 'log_cache_events': 'False', 'cache_selected_only': 'False', 'printer_width': '80', 'use_experimental_parser': 'False', 'use_colors': 'True', 'invocation_command': 'dbt init ny_taxi_rides', 'version_check': 'True', 'partial_parse': 'True', 'log_path': 'logs', 'debug': 'False', 'empty': 'None', 'warn_error': 'None', 'no_print': 'None', 'introspect': 'True', 'warn_error_options': 'WarnErrorOptionsV2(error=[], warn=[], silence=[])', 'fail_fast': 'False', 'target_path': 'None', 'write_json': 'True', 'static_parser': 'True', 'send_anonymous_usage_stats': 'True'}
[0m09:41:03.689562 [debug] [MainThread]: Starter project path: /workspaces/DataEngineering-DataTalksClub/.venv/lib/python3.12/site-packages/dbt/include/starter_project
[0m09:41:03.703778 [info ] [MainThread]: 
Your new dbt project "ny_taxi_rides" was created!

For more information on how to configure the profiles.yml file,
please consult the dbt documentation here:

  https://docs.getdbt.com/docs/configure-your-profile

One more thing:

Need help? Don't hesitate to reach out to us via GitHub issues or on Slack:

  https://community.getdbt.com/

Happy modeling!

[0m09:41:03.704682 [info ] [MainThread]: Setting up your profile.
[0m09:41:23.544405 [debug] [MainThread]: Resource report: {"command_name": "init", "command_success": true, "command_wall_clock_time": 19.982748, "process_in_blocks": "65616", "process_kernel_time": 0.266165, "process_mem_max_rss": "136648", "process_out_blocks": "72", "process_user_time": 1.83851}
[0m09:41:23.545382 [debug] [MainThread]: Command `dbt init` succeeded at 09:41:23.545235 after 19.98 seconds
[0m09:41:23.545970 [debug] [MainThread]: Sending event: {'category': 'dbt', 'action': 'invocation', 'label': 'end', 'context': [<snowplow_tracker.self_describing_json.SelfDescribingJson object at 0x6ffe31d16b70>, <snowplow_tracker.self_describing_json.SelfDescribingJson object at 0x6ffe31d15d60>, <snowplow_tracker.self_describing_json.SelfDescribingJson object at 0x6ffe31b4dbe0>]}
[0m09:41:23.546574 [debug] [MainThread]: Flushing usage events
[0m09:41:24.619020 [debug] [MainThread]: An error was encountered while trying to flush usage events
